# JRE version: OpenJDK Runtime Environment (17.0.10) (build 17.0.10+0--11609105)
# Java VM: OpenJDK 64-Bit Server VM (17.0.10+0--11609105, mixed mode, tiered, compressed oops, compressed class ptrs, g1 gc, windows-amd64)
GC Precious Log:
 CPUs: 8 total, 8 available
 Memory: 16057M
 Large Page Support: Disabled
 NUMA Support: Disabled
 Compressed Oops: Enabled (32-bit)
 Heap Region Size: 1M
 Heap Min Capacity: 8M
 Heap Initial Capacity: 252M
 Heap Max Capacity: 2G
 Pre-touch: Disabled
 Parallel Workers: 8
 Concurrent Workers: 2
 Concurrent Refinement Workers: 8
 Periodic GC: Disabled
Heap:
 garbage-first heap   total 193536K, used 108027K [0x0000000080000000, 0x0000000100000000)
  region size 1024K, 15 young (15360K), 3 survivors (3072K)
 Metaspace       used 80899K, committed 81728K, reserved 557056K
  class space    used 11362K, committed 11712K, reserved 425984K
GC Heap History (20 events):
Event: 10.561 GC heap before
{Heap before GC invocations=28 (full 0):
 garbage-first heap   total 112640K, used 91207K [0x0000000080000000, 0x0000000100000000)
  region size 1024K, 30 young (30720K), 4 survivors (4096K)
 Metaspace       used 62939K, committed 63616K, reserved 491520K
  class space    used 8733K, committed 9024K, reserved 425984K
}
Event: 10.565 GC heap after
{Heap after GC invocations=29 (full 0):
 garbage-first heap   total 112640K, used 67836K [0x0000000080000000, 0x0000000100000000)
  region size 1024K, 4 young (4096K), 4 survivors (4096K)
 Metaspace       used 62939K, committed 63616K, reserved 491520K
  class space    used 8733K, committed 9024K, reserved 425984K
}
Event: 10.799 GC heap before
{Heap before GC invocations=30 (full 0):
 garbage-first heap   total 119808K, used 81148K [0x0000000080000000, 0x0000000100000000)
  region size 1024K, 18 young (18432K), 4 survivors (4096K)
 Metaspace       used 64130K, committed 64768K, reserved 491520K
  class space    used 8951K, committed 9216K, reserved 425984K
}
Event: 10.806 GC heap after
{Heap after GC invocations=31 (full 0):
 garbage-first heap   total 119808K, used 68593K [0x0000000080000000, 0x0000000100000000)
  region size 1024K, 1 young (1024K), 1 survivors (1024K)
 Metaspace       used 64130K, committed 64768K, reserved 491520K
  class space    used 8951K, committed 9216K, reserved 425984K
}
Event: 11.273 GC heap before
{Heap before GC invocations=32 (full 0):
 garbage-first heap   total 128000K, used 93169K [0x0000000080000000, 0x0000000100000000)
  region size 1024K, 22 young (22528K), 1 survivors (1024K)
 Metaspace       used 66668K, committed 67392K, reserved 491520K
  class space    used 9293K, committed 9664K, reserved 425984K
}
Event: 11.276 GC heap after
{Heap after GC invocations=33 (full 0):
 garbage-first heap   total 128000K, used 74524K [0x0000000080000000, 0x0000000100000000)
  region size 1024K, 3 young (3072K), 3 survivors (3072K)
 Metaspace       used 66668K, committed 67392K, reserved 491520K
  class space    used 9293K, committed 9664K, reserved 425984K
}
Event: 11.782 GC heap before
{Heap before GC invocations=34 (full 0):
 garbage-first heap   total 143360K, used 112412K [0x0000000080000000, 0x0000000100000000)
  region size 1024K, 32 young (32768K), 3 survivors (3072K)
 Metaspace       used 69324K, committed 70080K, reserved 491520K
  class space    used 9694K, committed 10048K, reserved 425984K
}
Event: 11.785 GC heap after
{Heap after GC invocations=35 (full 0):
 garbage-first heap   total 143360K, used 84299K [0x0000000080000000, 0x0000000100000000)
  region size 1024K, 4 young (4096K), 4 survivors (4096K)
 Metaspace       used 69324K, committed 70080K, reserved 491520K
  class space    used 9694K, committed 10048K, reserved 425984K
}
Event: 12.174 GC heap before
{Heap before GC invocations=35 (full 0):
 garbage-first heap   total 143360K, used 116043K [0x0000000080000000, 0x0000000100000000)
  region size 1024K, 35 young (35840K), 4 survivors (4096K)
 Metaspace       used 72300K, committed 73088K, reserved 491520K
  class space    used 10099K, committed 10496K, reserved 425984K
}
Event: 12.178 GC heap after
{Heap after GC invocations=36 (full 0):
 garbage-first heap   total 143360K, used 86303K [0x0000000080000000, 0x0000000100000000)
  region size 1024K, 4 young (4096K), 4 survivors (4096K)
 Metaspace       used 72300K, committed 73088K, reserved 491520K
  class space    used 10099K, committed 10496K, reserved 425984K
}
Event: 12.490 GC heap before
{Heap before GC invocations=37 (full 0):
 garbage-first heap   total 152576K, used 118047K [0x0000000080000000, 0x0000000100000000)
  region size 1024K, 35 young (35840K), 4 survivors (4096K)
 Metaspace       used 74479K, committed 75264K, reserved 491520K
  class space    used 10381K, committed 10752K, reserved 425984K
}
Event: 12.493 GC heap after
{Heap after GC invocations=38 (full 0):
 garbage-first heap   total 152576K, used 87462K [0x0000000080000000, 0x0000000100000000)
  region size 1024K, 3 young (3072K), 3 survivors (3072K)
 Metaspace       used 74479K, committed 75264K, reserved 491520K
  class space    used 10381K, committed 10752K, reserved 425984K
}
Event: 12.819 GC heap before
{Heap before GC invocations=38 (full 0):
 garbage-first heap   total 152576K, used 124326K [0x0000000080000000, 0x0000000100000000)
  region size 1024K, 39 young (39936K), 3 survivors (3072K)
 Metaspace       used 75985K, committed 76736K, reserved 557056K
  class space    used 10588K, committed 10944K, reserved 425984K
}
Event: 12.823 GC heap after
{Heap after GC invocations=39 (full 0):
 garbage-first heap   total 152576K, used 91564K [0x0000000080000000, 0x0000000100000000)
  region size 1024K, 5 young (5120K), 5 survivors (5120K)
 Metaspace       used 75985K, committed 76736K, reserved 557056K
  class space    used 10588K, committed 10944K, reserved 425984K
}
Event: 13.412 GC heap before
{Heap before GC invocations=40 (full 0):
 garbage-first heap   total 160768K, used 124332K [0x0000000080000000, 0x0000000100000000)
  region size 1024K, 37 young (37888K), 5 survivors (5120K)
 Metaspace       used 77353K, committed 78208K, reserved 557056K
  class space    used 10762K, committed 11200K, reserved 425984K
}
Event: 13.418 GC heap after
{Heap after GC invocations=41 (full 0):
 garbage-first heap   total 160768K, used 95340K [0x0000000080000000, 0x0000000100000000)
  region size 1024K, 5 young (5120K), 5 survivors (5120K)
 Metaspace       used 77353K, committed 78208K, reserved 557056K
  class space    used 10762K, committed 11200K, reserved 425984K
}
Event: 13.488 GC heap before
{Heap before GC invocations=41 (full 0):
 garbage-first heap   total 160768K, used 97388K [0x0000000080000000, 0x0000000100000000)
  region size 1024K, 7 young (7168K), 5 survivors (5120K)
 Metaspace       used 77428K, committed 78272K, reserved 557056K
  class space    used 10762K, committed 11200K, reserved 425984K
}
Event: 13.493 GC heap after
{Heap after GC invocations=42 (full 0):
 garbage-first heap   total 160768K, used 95771K [0x0000000080000000, 0x0000000100000000)
  region size 1024K, 1 young (1024K), 1 survivors (1024K)
 Metaspace       used 77428K, committed 78272K, reserved 557056K
  class space    used 10762K, committed 11200K, reserved 425984K
}
Event: 14.316 GC heap before
{Heap before GC invocations=42 (full 0):
 garbage-first heap   total 160768K, used 130587K [0x0000000080000000, 0x0000000100000000)
  region size 1024K, 35 young (35840K), 1 survivors (1024K)
 Metaspace       used 79900K, committed 80704K, reserved 557056K
  class space    used 11146K, committed 11520K, reserved 425984K
}
Event: 14.320 GC heap after
{Heap after GC invocations=43 (full 0):
 garbage-first heap   total 193536K, used 97787K [0x0000000080000000, 0x0000000100000000)
  region size 1024K, 3 young (3072K), 3 survivors (3072K)
 Metaspace       used 79900K, committed 80704K, reserved 557056K
  class space    used 11146K, committed 11520K, reserved 425984K
}

