# JRE version: OpenJDK Runtime Environment (17.0.10) (build 17.0.10+0--11609105)
# Java VM: OpenJDK 64-Bit Server VM (17.0.10+0--11609105, mixed mode, tiered, compressed oops, compressed class ptrs, g1 gc, windows-amd64)
GC Precious Log:
 CPUs: 8 total, 8 available
 Memory: 16057M
 Large Page Support: Disabled
 NUMA Support: Disabled
 Compressed Oops: Enabled (32-bit)
 Heap Region Size: 1M
 Heap Min Capacity: 8M
 Heap Initial Capacity: 252M
 Heap Max Capacity: 2G
 Pre-touch: Disabled
 Parallel Workers: 8
 Concurrent Workers: 2
 Concurrent Refinement Workers: 8
 Periodic GC: Disabled
Heap:
 garbage-first heap   total 258048K, used 224251K [0x0000000080000000, 0x0000000100000000)
  region size 1024K, 8 young (8192K), 1 survivors (1024K)
 Metaspace       used 113814K, committed 114944K, reserved 557056K
  class space    used 15924K, committed 16384K, reserved 425984K
GC Heap History (20 events):
Event: 22.520 GC heap before
{Heap before GC invocations=53 (full 0):
 garbage-first heap   total 249856K, used 139008K [0x0000000080000000, 0x0000000100000000)
  region size 1024K, 12 young (12288K), 10 survivors (10240K)
 Metaspace       used 107434K, committed 108416K, reserved 557056K
  class space    used 15200K, committed 15616K, reserved 425984K
}
Event: 22.527 GC heap after
{Heap after GC invocations=54 (full 0):
 garbage-first heap   total 249856K, used 137259K [0x0000000080000000, 0x0000000100000000)
  region size 1024K, 2 young (2048K), 2 survivors (2048K)
 Metaspace       used 107434K, committed 108416K, reserved 557056K
  class space    used 15200K, committed 15616K, reserved 425984K
}
Event: 23.463 GC heap before
{Heap before GC invocations=54 (full 0):
 garbage-first heap   total 249856K, used 212011K [0x0000000080000000, 0x0000000100000000)
  region size 1024K, 68 young (69632K), 2 survivors (2048K)
 Metaspace       used 108305K, committed 109312K, reserved 557056K
  class space    used 15283K, committed 15744K, reserved 425984K
}
Event: 23.470 GC heap after
{Heap after GC invocations=55 (full 0):
 garbage-first heap   total 249856K, used 162395K [0x0000000080000000, 0x0000000100000000)
  region size 1024K, 9 young (9216K), 9 survivors (9216K)
 Metaspace       used 108305K, committed 109312K, reserved 557056K
  class space    used 15283K, committed 15744K, reserved 425984K
}
Event: 23.953 GC heap before
{Heap before GC invocations=55 (full 0):
 garbage-first heap   total 249856K, used 205403K [0x0000000080000000, 0x0000000100000000)
  region size 1024K, 50 young (51200K), 9 survivors (9216K)
 Metaspace       used 109284K, committed 110336K, reserved 557056K
  class space    used 15413K, committed 15872K, reserved 425984K
}
Event: 23.960 GC heap after
{Heap after GC invocations=56 (full 0):
 garbage-first heap   total 249856K, used 172032K [0x0000000080000000, 0x0000000100000000)
  region size 1024K, 7 young (7168K), 7 survivors (7168K)
 Metaspace       used 109284K, committed 110336K, reserved 557056K
  class space    used 15413K, committed 15872K, reserved 425984K
}
Event: 24.356 GC heap before
{Heap before GC invocations=56 (full 0):
 garbage-first heap   total 249856K, used 204800K [0x0000000080000000, 0x0000000100000000)
  region size 1024K, 40 young (40960K), 7 survivors (7168K)
 Metaspace       used 110263K, committed 111360K, reserved 557056K
  class space    used 15507K, committed 16000K, reserved 425984K
}
Event: 24.363 GC heap after
{Heap after GC invocations=57 (full 0):
 garbage-first heap   total 249856K, used 175872K [0x0000000080000000, 0x0000000100000000)
  region size 1024K, 4 young (4096K), 4 survivors (4096K)
 Metaspace       used 110263K, committed 111360K, reserved 557056K
  class space    used 15507K, committed 16000K, reserved 425984K
}
Event: 24.917 GC heap before
{Heap before GC invocations=57 (full 0):
 garbage-first heap   total 249856K, used 208640K [0x0000000080000000, 0x0000000100000000)
  region size 1024K, 35 young (35840K), 4 survivors (4096K)
 Metaspace       used 112037K, committed 113088K, reserved 557056K
  class space    used 15703K, committed 16192K, reserved 425984K
}
Event: 24.924 GC heap after
{Heap after GC invocations=58 (full 0):
 garbage-first heap   total 249856K, used 185212K [0x0000000080000000, 0x0000000100000000)
  region size 1024K, 5 young (5120K), 5 survivors (5120K)
 Metaspace       used 112037K, committed 113088K, reserved 557056K
  class space    used 15703K, committed 16192K, reserved 425984K
}
Event: 25.269 GC heap before
{Heap before GC invocations=58 (full 0):
 garbage-first heap   total 249856K, used 209788K [0x0000000080000000, 0x0000000100000000)
  region size 1024K, 29 young (29696K), 5 survivors (5120K)
 Metaspace       used 112259K, committed 113344K, reserved 557056K
  class space    used 15725K, committed 16192K, reserved 425984K
}
Event: 25.274 GC heap after
{Heap after GC invocations=59 (full 0):
 garbage-first heap   total 249856K, used 192652K [0x0000000080000000, 0x0000000100000000)
  region size 1024K, 4 young (4096K), 4 survivors (4096K)
 Metaspace       used 112259K, committed 113344K, reserved 557056K
  class space    used 15725K, committed 16192K, reserved 425984K
}
Event: 25.470 GC heap before
{Heap before GC invocations=59 (full 0):
 garbage-first heap   total 249856K, used 212108K [0x0000000080000000, 0x0000000100000000)
  region size 1024K, 23 young (23552K), 4 survivors (4096K)
 Metaspace       used 112374K, committed 113536K, reserved 557056K
  class space    used 15736K, committed 16256K, reserved 425984K
}
Event: 25.476 GC heap after
{Heap after GC invocations=60 (full 0):
 garbage-first heap   total 249856K, used 197272K [0x0000000080000000, 0x0000000100000000)
  region size 1024K, 3 young (3072K), 3 survivors (3072K)
 Metaspace       used 112374K, committed 113536K, reserved 557056K
  class space    used 15736K, committed 16256K, reserved 425984K
}
Event: 25.655 GC heap before
{Heap before GC invocations=60 (full 0):
 garbage-first heap   total 249856K, used 214680K [0x0000000080000000, 0x0000000100000000)
  region size 1024K, 20 young (20480K), 3 survivors (3072K)
 Metaspace       used 112618K, committed 113728K, reserved 557056K
  class space    used 15763K, committed 16256K, reserved 425984K
}
Event: 25.659 GC heap after
{Heap after GC invocations=61 (full 0):
 garbage-first heap   total 249856K, used 202844K [0x0000000080000000, 0x0000000100000000)
  region size 1024K, 3 young (3072K), 3 survivors (3072K)
 Metaspace       used 112618K, committed 113728K, reserved 557056K
  class space    used 15763K, committed 16256K, reserved 425984K
}
Event: 25.774 GC heap before
{Heap before GC invocations=61 (full 0):
 garbage-first heap   total 249856K, used 215132K [0x0000000080000000, 0x0000000100000000)
  region size 1024K, 16 young (16384K), 3 survivors (3072K)
 Metaspace       used 113111K, committed 114176K, reserved 557056K
  class space    used 15826K, committed 16320K, reserved 425984K
}
Event: 25.778 GC heap after
{Heap after GC invocations=62 (full 0):
 garbage-first heap   total 249856K, used 205250K [0x0000000080000000, 0x0000000100000000)
  region size 1024K, 2 young (2048K), 2 survivors (2048K)
 Metaspace       used 113111K, committed 114176K, reserved 557056K
  class space    used 15826K, committed 16320K, reserved 425984K
}
Event: 25.809 GC heap before
{Heap before GC invocations=62 (full 0):
 garbage-first heap   total 249856K, used 208322K [0x0000000080000000, 0x0000000100000000)
  region size 1024K, 5 young (5120K), 2 survivors (2048K)
 Metaspace       used 113468K, committed 114560K, reserved 557056K
  class space    used 15868K, committed 16384K, reserved 425984K
}
Event: 25.812 GC heap after
{Heap after GC invocations=63 (full 0):
 garbage-first heap   total 249856K, used 206843K [0x0000000080000000, 0x0000000100000000)
  region size 1024K, 1 young (1024K), 1 survivors (1024K)
 Metaspace       used 113468K, committed 114560K, reserved 557056K
  class space    used 15868K, committed 16384K, reserved 425984K
}

